
---- Votes and Modules ----
default: |NEUTRAL|
onedamage: |default|MASK|
one: |default|MASK|
SHOW -shown(2)
NEUTRAL -shown(0)
oneid: |default|MASK|
MASK -hidden(1)
--------   Rules   --------
hide: |MASK|MASK|default|MASK|MASK|default|default|default|default|
keep-one: |one|one|default|one|one|default|default|default|default|
keep-oned: |onedamage|onedamage|default|onedamage|onedamage|default|default|default|default|
keep: |default|default|MASK|default|default|MASK|MASK|MASK|MASK|
keep-onei: |oneid|oneid|default|oneid|oneid|default|default|default|default|
show: |SHOW|SHOW|default|SHOW|SHOW|default|default|default|default|
----------------------------------------------------
5871 items registered
141 filters loaded
738 items matched in 227 ms
----------------------------------------------------

- advancedRocketry :
	+ advancedRocketryproductboule:             	hide:[]
	+ advancedRocketryproductcrystal:           	hide:[]
	+ advancedRocketryproductfan:               	hide:[]
	+ item.bucketNitrogen:                      	hide:[]
	+ pressureTank:                             	hide:[0, 1, 2]
	+ tile.astroBed:                            	hide:[]
	+ tile.blockHandPress:                      	hide:[]
	+ tile.concrete:                            	hide:[]
	+ tile.crystal:                             	hide:[]
	+ tile.dataPipe:                            	hide:[]
	+ tile.electricArcFurnace:                  	hide:[]
	+ tile.energyPipe:                          	hide:[]
	+ tile.forceField:                          	hide:[]
	+ tile.lathe:                               	hide:[]
	+ tile.liquidPipe:                          	hide:[]
	+ tile.nitrogenFluidBlock:                  	hide:[]
	+ tile.pressurizedTank:                     	hide:[]
	+ tile.rollingMachine:                      	hide:[]
	+ tile.smallAirlockDoor:                    	hide:[]
	+ tile.solarGenerator:                      	hide:[]
	+ tile.solarPanel:                          	hide:[]
	+ tile.unlittorch:                          	hide:[]
- Agricraft :
	+ handRake:                                 	hide:[0]
	+ magnifyingGlass:                          	hide:[0]
- aobd :
	+ nuggetShadow:                             	hide:[]
- appliedenergistics2 :
	+ item.ItemFacade:                          	keep-one:[]
	+ item.ItemMultiMaterial:                   	hide:[25, 28]
	+ item.ItemMultiPart:                       	hide:[0, 1, 2, 3, 4, 5, 6, 7, 8, 9, 10, 11, 12, 13, 14, 15, 20, 21, 22, 23, 24, 25, 26, 27, 28, 29, 30, 31, 32, 33, 34, 35, 40, 41, 42, 43, 44, 45, 46, 47, 48, 49, 50, 51, 52, 53, 54, 55, 60, 61, 62, 63, 64, 65, 66, 67, 68, 69, 70, 71, 72, 73, 74, 75]
	+ item.ItemPaintBall:                       	keep:[0]
	+ item.ToolCertusQuartzWrench:              	hide:[]
	+ tile.BlockCableBus:                       	hide:[]
	+ tile.BlockMatrixFrame:                    	hide:[]
	+ tile.BlockPaint:                          	hide:[]
	+ tile.BlockSkyCompass:                     	hide:[]
	+ tile.BlockVibrationChamber:               	hide:[]
	+ tile.ChiseledQuartzSlabBlock.double:      	hide:[]
	+ tile.FluixSlabBlock.double:               	hide:[]
	+ tile.QuartzPillarSlabBlock.double:        	hide:[]
	+ tile.QuartzSlabBlock.double:              	hide:[]
	+ tile.SkyStoneBlockSlabBlock.double:       	hide:[]
	+ tile.SkyStoneBrickSlabBlock.double:       	hide:[]
	+ tile.SkyStoneSlabBlock.double:            	hide:[]
	+ tile.SkyStoneSmallBrickSlabBlock.double:  	hide:[]
- Automagy :
	+ blockFluidMilk:                           	hide:[]
	+ blockFluidMushroom:                       	hide:[]
	+ bucketMushroom:                           	hide:[]
- Avaritia :
	+ Double_Craft:                             	hide:[]
	+ Resource:                                 	hide:[2, 3, 4, 5, 6, 7, 8, 9]
	+ Triple_Craft:                             	hide:[]
- AWWayofTime :
	+ blockCrystalBelljar:                      	keep-one:[]
	+ blockMimic:                               	hide:[]
	+ blockSchemSaver:                          	hide:[]
	+ bloodLight:                               	hide:[]
	+ spectralContainer:                        	hide:[]
- battlegear2 :
	+ chain:                                    	hide:[]
	+ dagger.diamond:                           	hide:[]
	+ dagger.gold:                              	hide:[]
	+ dagger.iron:                              	hide:[]
	+ dagger.stone:                             	hide:[]
	+ dagger.wood:                              	hide:[]
	+ flagpole:                                 	hide:[]
	+ mace.diamond:                             	hide:[]
	+ mace.gold:                                	hide:[]
	+ mace.iron:                                	hide:[]
	+ mace.stone:                               	hide:[]
	+ mace.wood:                                	hide:[]
	+ spear.diamond:                            	hide:[]
	+ spear.gold:                               	hide:[]
	+ spear.iron:                               	hide:[]
	+ spear.stone:                              	hide:[]
	+ spear.wood:                               	hide:[]
	+ waraxe.diamond:                           	hide:[]
	+ waraxe.gold:                              	hide:[]
	+ waraxe.iron:                              	hide:[]
	+ waraxe.stone:                             	hide:[]
	+ waraxe.wood:                              	hide:[]
- betterbuilderswands :
	+ wandStone:                                	hide:[]
- betterquesting :
	+ extra_life:                               	hide:[]
	+ guide_book:                               	hide:[]
	+ placeholder:                              	hide:[]
- BiblioCraft :
	+ BiblioClipboard:                          	hide:[]
	+ BookcaseFilled:                           	hide:[]
	+ item.AtlasPlate:                          	hide:[]
	+ item.BiblioDrill:                         	hide:[]
	+ item.DeathCompass:                        	hide:[]
	+ item.EnchantedPlate:                      	hide:[]
	+ item.PrintPlate:                          	hide:[]
	+ item.RecipeBook:                          	hide:[]
	+ item.TesterItem:                          	hide:[]
- BiomesOPlenty :
	+ ancientStaff:                             	hide:[]
	+ axeMud:                                   	hide:[]
	+ bootsMud:                                 	hide:[]
	+ bopBucket:                                	hide:[]
	+ chestplateMud:                            	hide:[]
	+ dart:                                     	hide:[]
	+ dartBlower:                               	hide:[]
	+ flippers:                                 	hide:[]
	+ foliage:                                  	hide:[8]
	+ food:                                     	hide:[]
	+ fruitBop:                                 	hide:[]
	+ gemOre:                                   	hide:[]
	+ gems:                                     	hide:[1, 2, 3, 4, 5, 6, 7]
	+ hell_blood:                               	hide:[]
	+ helmetMud:                                	hide:[]
	+ hive:                                     	hide:[]
	+ hoeMud:                                   	hide:[]
	+ honey:                                    	hide:[]
	+ honeyBlock:                               	hide:[]
	+ jarEmpty:                                 	hide:[]
	+ jarFilled:                                	hide:[]
	+ leggingsMud:                              	hide:[]
	+ misc:                                     	hide:[2, 5, 6, 7, 8, 9]
	+ pickaxeMud:                               	hide:[]
	+ poison:                                   	hide:[]
	+ scytheDiamond:                            	hide:[]
	+ scytheGold:                               	hide:[]
	+ scytheIron:                               	hide:[]
	+ scytheMud:                                	hide:[]
	+ scytheStone:                              	hide:[]
	+ scytheWood:                               	hide:[]
	+ shovelMud:                                	hide:[]
	+ stoneDoubleSlab:                          	hide:[]
	+ stoneFormations:                          	hide:[]
	+ swordMud:                                 	hide:[]
	+ turnipSeeds:                              	hide:[]
	+ wadingBoots:                              	hide:[]
	+ woodenDoubleSlab1:                        	hide:[]
	+ woodenDoubleSlab2:                        	hide:[]
- Botania :
	+ ancientWill:                              	hide:[]
	+ biomeStoneA0SlabFull:                     	hide:[]
	+ biomeStoneA10SlabFull:                    	hide:[]
	+ biomeStoneA11SlabFull:                    	hide:[]
	+ biomeStoneA12SlabFull:                    	hide:[]
	+ biomeStoneA13SlabFull:                    	hide:[]
	+ biomeStoneA14SlabFull:                    	hide:[]
	+ biomeStoneA15SlabFull:                    	hide:[]
	+ biomeStoneA1SlabFull:                     	hide:[]
	+ biomeStoneA2SlabFull:                     	hide:[]
	+ biomeStoneA3SlabFull:                     	hide:[]
	+ biomeStoneA4SlabFull:                     	hide:[]
	+ biomeStoneA5SlabFull:                     	hide:[]
	+ biomeStoneA6SlabFull:                     	hide:[]
	+ biomeStoneA7SlabFull:                     	hide:[]
	+ biomeStoneA8SlabFull:                     	hide:[]
	+ biomeStoneA9SlabFull:                     	hide:[]
	+ biomeStoneB0SlabFull:                     	hide:[]
	+ biomeStoneB1SlabFull:                     	hide:[]
	+ biomeStoneB2SlabFull:                     	hide:[]
	+ biomeStoneB3SlabFull:                     	hide:[]
	+ biomeStoneB4SlabFull:                     	hide:[]
	+ biomeStoneB5SlabFull:                     	hide:[]
	+ biomeStoneB6SlabFull:                     	hide:[]
	+ biomeStoneB7SlabFull:                     	hide:[]
	+ brewFlask:                                	hide:[]
	+ brewVial:                                 	hide:[]
	+ buriedPetals:                             	hide:[]
	+ craftPattern:                             	hide:[]
	+ customBrick0SlabFull:                     	hide:[]
	+ customBrick1SlabFull:                     	hide:[]
	+ customBrick2SlabFull:                     	hide:[]
	+ customBrick3SlabFull:                     	hide:[]
	+ dirtPath0SlabFull:                        	hide:[]
	+ doubleFlower1:                            	hide:[]
	+ doubleFlower2:                            	hide:[]
	+ dreamwood0SlabFull:                       	hide:[]
	+ dreamwood1SlabFull:                       	hide:[]
	+ endStoneBrick0SlabFull:                   	hide:[]
	+ endStoneBrick2SlabFull:                   	hide:[]
	+ fakeAir:                                  	hide:[]
	+ gaiaHeadBlock:                            	hide:[]
	+ livingrock0SlabFull:                      	hide:[]
	+ livingrock1SlabFull:                      	hide:[]
	+ livingwood0SlabFull:                      	hide:[]
	+ livingwood1SlabFull:                      	hide:[]
	+ manaFlame:                                	hide:[]
	+ manaResource:                             	hide:[10]
	+ mushroom:                                 	hide:[]
	+ pavement0SlabFull:                        	hide:[]
	+ pavement1SlabFull:                        	hide:[]
	+ pavement2SlabFull:                        	hide:[]
	+ pavement3SlabFull:                        	hide:[]
	+ pavement4SlabFull:                        	hide:[]
	+ pavement5SlabFull:                        	hide:[]
	+ pestleAndMortar:                          	hide:[]
	+ prismarine:                               	hide:[]
	+ prismarine0Slab:                          	hide:[]
	+ prismarine0SlabFull:                      	hide:[]
	+ prismarine0Stairs:                        	hide:[]
	+ prismarine0Wall:                          	hide:[]
	+ prismarine1Slab:                          	hide:[]
	+ prismarine1SlabFull:                      	hide:[]
	+ prismarine1Stairs:                        	hide:[]
	+ prismarine2Slab:                          	hide:[]
	+ prismarine2SlabFull:                      	hide:[]
	+ prismarine2Stairs:                        	hide:[]
	+ quartzSlabBlazeFull:                      	hide:[]
	+ quartzSlabElfFull:                        	hide:[]
	+ quartzSlabLavenderFull:                   	hide:[]
	+ quartzSlabManaFull:                       	hide:[]
	+ quartzSlabRedFull:                        	hide:[]
	+ quartzSlabSunnyFull:                      	hide:[]
	+ quartzTypeBlaze:                          	hide:[]
	+ quartzTypeElf:                            	hide:[]
	+ quartzTypeLavender:                       	hide:[]
	+ quartzTypeMana:                           	hide:[]
	+ quartzTypeRed:                            	hide:[]
	+ quartzTypeSunny:                          	hide:[]
	+ reedBlock0SlabFull:                       	hide:[]
	+ seaLamp:                                  	hide:[]
	+ shimmerrock0SlabFull:                     	hide:[]
	+ shimmerwoodPlanks0SlabFull:               	hide:[]
	+ stone:                                    	hide:[]
	+ stone0Slab:                               	hide:[]
	+ stone0SlabFull:                           	hide:[]
	+ stone0Stairs:                             	hide:[]
	+ stone0Wall:                               	hide:[]
	+ stone10Slab:                              	hide:[]
	+ stone10SlabFull:                          	hide:[]
	+ stone10Stairs:                            	hide:[]
	+ stone11Slab:                              	hide:[]
	+ stone11SlabFull:                          	hide:[]
	+ stone11Stairs:                            	hide:[]
	+ stone1Slab:                               	hide:[]
	+ stone1SlabFull:                           	hide:[]
	+ stone1Stairs:                             	hide:[]
	+ stone2Slab:                               	hide:[]
	+ stone2SlabFull:                           	hide:[]
	+ stone2Stairs:                             	hide:[]
	+ stone3Slab:                               	hide:[]
	+ stone3SlabFull:                           	hide:[]
	+ stone3Stairs:                             	hide:[]
	+ stone8Slab:                               	hide:[]
	+ stone8SlabFull:                           	hide:[]
	+ stone8Stairs:                             	hide:[]
	+ stone9Slab:                               	hide:[]
	+ stone9SlabFull:                           	hide:[]
	+ stone9Stairs:                             	hide:[]
	+ thatch0SlabFull:                          	hide:[]
	+ twigWand:                                 	keep-one:[]
- bq_standard :
	+ loot_chest:                               	hide:[]
- BuildCraft|Core :
	+ buildToolBlock:                           	hide:[]
	+ diamondGearItem:                          	hide:[]
	+ eternalSpring:                            	hide:[]
	+ goldGearItem:                             	hide:[]
	+ ironGearItem:                             	hide:[]
	+ list:                                     	hide:[0]
	+ paintbrush:                               	keep-one:[]
	+ stoneGearItem:                            	hide:[]
	+ woodenGearItem:                           	hide:[]
- BuildCraft|Energy :
	+ blockRedPlasma:                           	hide:[]
- BuildCraft|Factory :
	+ plainPipeBlock:                           	hide:[]
- BuildCraft|Robotics :
	+ redstone_board:                           	keep-one:[]
- BuildCraft|Silicon :
	+ package:                                  	hide:[]
- BuildCraft|Transport :
	+ pipeBlock:                                	hide:[]
	+ pipeFacade:                               	keep-one:[]/[*hollow:0b*, *hollow:1b*]
	+ pipeLens:                                 	keep:[0]
- CarpentersBlocks :
	+ blockCarpentersBed:                       	hide:[]
	+ blockCarpentersDoor:                      	hide:[]
- CartLivery :
	+ autoCutterLive:                           	hide:[]
	+ sticker:                                  	keep-one:[]
- ChestTransporter :
	+ chesttransporter_gold:                    	hide:[]
	+ chesttransporter_iron:                    	hide:[]
- ChickenChunks :
	+ chickenChunkLoader:                       	hide:[]
- chisel :
	+ amber:                                    	hide:[]
	+ bloodBrick:                               	hide:[]
	+ limestone_slab_top:                       	hide:[]
	+ marble_pillar_slab_top:                   	hide:[]
	+ marble_slab_top:                          	hide:[]
- denseores :
	+ block1:                                   	hide:[2]
- DraconicEvolution :
	+ draconiumBlend:                           	hide:[]
	+ generator:                                	hide:[]
- etfuturum :
	+ mutton_raw:                               	hide:[]
- ExtraBees :
	+ hive:                                     	hide:[3]
	+ misc:                                     	hide:[17, 19, 20, 21, 22, 23, 24, 25]
- extracells :
	+ certustank:                               	hide:[]
	+ pattern.fluid:                            	keep-one:[]
	+ vibrantchamberfluid:                      	hide:[]
	+ walrus:                                   	hide:[]
- ExtraTrees :
	+ doubleSlab:                               	hide:[]
	+ fence:                                    	hide:[]
	+ gate:                                     	hide:[]
	+ machine:                                  	hide:[0]
	+ misc:                                     	hide:[1, 2]
	+ multifence:                               	hide:[]
- ExtraUtilities :
	+ builderswand:                             	hide:[]
	+ conveyor:                                 	hide:[]
	+ creativebuilderswand:                     	hide:[]
	+ drum:                                     	keep-one:[0, 1]
	+ microblocks:                              	keep-one:[]
- FissionWarfare :
	+ cement:                                   	hide:[]
	+ concrete:                                 	hide:[]
	+ concrete_mix:                             	hide:[]
	+ iron_frame:                               	hide:[]
	+ limestone_chunk:                          	hide:[]
	+ liquid_glass:                             	hide:[]
	+ quartz_chunk:                             	hide:[]
	+ quartz_ore:                               	hide:[]
	+ quartz_sand:                              	hide:[]
	+ radioactive_chunk:                        	hide:[]
	+ reinforced_glass:                         	hide:[]
	+ steel_axe:                                	hide:[]
	+ steel_block:                              	hide:[]
	+ steel_hoe:                                	hide:[]
	+ steel_ingot:                              	hide:[]
	+ steel_pickaxe:                            	hide:[]
	+ steel_shovel:                             	hide:[]
	+ steel_sword:                              	hide:[]
	+ sulfur_ore:                               	hide:[]
	+ uranium_ore:                              	hide:[]
	+ uranium_pellet:                           	hide:[]
	+ wet_cement:                               	hide:[]
- ForbiddenMagic :
	+ ArcaneCake:                               	hide:[]
	+ FMResource:                               	hide:[]
	+ MobCrystal:                               	keep-one:[]
	+ WandCaps:                                 	hide:[1]
- Forestry :
	+ brokenBronzePickaxe:                      	hide:[]
	+ brokenBronzeShovel:                       	hide:[]
	+ bronzePickaxe:                            	hide:[]
	+ bronzeShovel:                             	hide:[]
	+ carton:                                   	hide:[]
	+ core:                                     	hide:[1]
	+ craftingMaterial:                         	hide:[4]
	+ factory:                                  	hide:[6]
	+ fences:                                   	hide:[]
	+ fencesFireproof:                          	hide:[]
	+ gearBronze:                               	hide:[]
	+ gearCopper:                               	hide:[]
	+ gearTin:                                  	hide:[]
	+ ingotBronze:                              	hide:[]
	+ ingotCopper:                              	hide:[]
	+ ingotTin:                                 	hide:[]
	+ iodineCapsule:                            	hide:[]
	+ kitPickaxe:                               	hide:[]
	+ kitShovel:                                	hide:[]
	+ letters:                                  	hide:[1, 2, 3, 4, 5, 6, 7, 8, 9, 10, 11, 12, 13, 14, 15, 16, 17, 18, 19, 20, 21, 22, 23, 24, 25, 26, 27, 28, 29, 30, 31, 32, 33, 34, 35]
	+ logsFireproof:                            	hide:[]
	+ mushroom:                                 	hide:[]
	+ planksFireproof:                          	hide:[]
	+ researchNote:                             	hide:[]
	+ resources:                                	hide:[1, 2]
	+ resourceStorage:                          	hide:[1, 2, 3]
	+ saplingGE:                                	hide:[]
	+ slabsDouble:                              	hide:[]
	+ slabsDoubleFireproof:                     	hide:[]
	+ slabsFireproof:                           	hide:[]
	+ stairsFireproof:                          	hide:[]
	+ wrench:                                   	hide:[]
- ForgeMicroblock :
	+ microblock:                               	keep-one:[]
- funkylocomotion :
	+ frame2:                                   	hide:[]
	+ frame3:                                   	hide:[]
	+ frame4:                                   	hide:[]
	+ moving:                                   	hide:[]
	+ wrench:                                   	hide:[]
- Genetics :
	+ serum:                                    	keep-one:[]
	+ serumArray:                               	keep-one:[]
- harvestcraft :
	+ animaltrap:                               	hide:[]
	+ apiary:                                   	hide:[]
	+ beefjerkyItem:                            	hide:[]
	+ beehive:                                  	hide:[]
	+ beeswaxItem:                              	hide:[]
	+ chocolaterollItem:                        	hide:[]
	+ churnon:                                  	hide:[]
	+ cuttingboard:                             	hide:[]
	+ fruitbaitItem:                            	hide:[]
	+ grainbaitItem:                            	hide:[]
	+ grubItem:                                 	hide:[]
	+ honeycombItem:                            	hide:[]
	+ honeyItem:                                	hide:[]
	+ market:                                   	hide:[]
	+ ovenon:                                   	hide:[]
	+ pamartichokeCrop:                         	hide:[]
	+ pamasparagusCrop:                         	hide:[]
	+ pambambooshootCrop:                       	hide:[]
	+ pambarleyCrop:                            	hide:[]
	+ pambeanCrop:                              	hide:[]
	+ pambeetCrop:                              	hide:[]
	+ pambellpepperCrop:                        	hide:[]
	+ pamblackberryCrop:                        	hide:[]
	+ pamblueberryCrop:                         	hide:[]
	+ pambroccoliCrop:                          	hide:[]
	+ pambrusselsproutCrop:                     	hide:[]
	+ pamcabbageCrop:                           	hide:[]
	+ pamcactusfruitCrop:                       	hide:[]
	+ pamcandleberryCrop:                       	hide:[]
	+ pamcandleDeco1:                           	hide:[]
	+ pamcandleDeco10:                          	hide:[]
	+ pamcandleDeco11:                          	hide:[]
	+ pamcandleDeco12:                          	hide:[]
	+ pamcandleDeco13:                          	hide:[]
	+ pamcandleDeco14:                          	hide:[]
	+ pamcandleDeco15:                          	hide:[]
	+ pamcandleDeco16:                          	hide:[]
	+ pamcandleDeco2:                           	hide:[]
	+ pamcandleDeco3:                           	hide:[]
	+ pamcandleDeco4:                           	hide:[]
	+ pamcandleDeco5:                           	hide:[]
	+ pamcandleDeco6:                           	hide:[]
	+ pamcandleDeco7:                           	hide:[]
	+ pamcandleDeco8:                           	hide:[]
	+ pamcandleDeco9:                           	hide:[]
	+ pamcantaloupeCrop:                        	hide:[]
	+ pamcarrotCake:                            	hide:[]
	+ pamcauliflowerCrop:                       	hide:[]
	+ pamceleryCrop:                            	hide:[]
	+ pamcheeseCake:                            	hide:[]
	+ pamcherrycheeseCake:                      	hide:[]
	+ pamchilipepperCrop:                       	hide:[]
	+ pamchocolatesprinkleCake:                 	hide:[]
	+ pamcoffeebeanCrop:                        	hide:[]
	+ pamcornCrop:                              	hide:[]
	+ pamcottonCrop:                            	hide:[]
	+ pamcranberryCrop:                         	hide:[]
	+ pamcucumberCrop:                          	hide:[]
	+ pamcurryleafCrop:                         	hide:[]
	+ pameggplantCrop:                          	hide:[]
	+ pamgarlicCrop:                            	hide:[]
	+ pamgingerCrop:                            	hide:[]
	+ pamgrapeCrop:                             	hide:[]
	+ pamholidayCake:                           	hide:[]
	+ pamkiwiCrop:                              	hide:[]
	+ pamlamingtonCake:                         	hide:[]
	+ pamleekCrop:                              	hide:[]
	+ pamlettuceCrop:                           	hide:[]
	+ pammustardseedsCrop:                      	hide:[]
	+ pamoatsCrop:                              	hide:[]
	+ pamokraCrop:                              	hide:[]
	+ pamonionCrop:                             	hide:[]
	+ pamparsnipCrop:                           	hide:[]
	+ pampavlovaCake:                           	hide:[]
	+ pampeanutCrop:                            	hide:[]
	+ pampeasCrop:                              	hide:[]
	+ pampineappleCrop:                         	hide:[]
	+ pampineappleupsidedownCake:               	hide:[]
	+ pampumpkincheeseCake:                     	hide:[]
	+ pamradishCrop:                            	hide:[]
	+ pamraspberryCrop:                         	hide:[]
	+ pamredvelvetCake:                         	hide:[]
	+ pamrhubarbCrop:                           	hide:[]
	+ pamriceCrop:                              	hide:[]
	+ pamrutabagaCrop:                          	hide:[]
	+ pamryeCrop:                               	hide:[]
	+ pamscallionCrop:                          	hide:[]
	+ pamseaweedCrop:                           	hide:[]
	+ pamsesameseedsCrop:                       	hide:[]
	+ pamsoybeanCrop:                           	hide:[]
	+ pamspiceleafCrop:                         	hide:[]
	+ pamspinachCrop:                           	hide:[]
	+ pamstrawberryCrop:                        	hide:[]
	+ pamsweetpotatoCrop:                       	hide:[]
	+ pamtealeafCrop:                           	hide:[]
	+ pamtomatoCrop:                            	hide:[]
	+ pamturnipCrop:                            	hide:[]
	+ pamwaterchestnutCrop:                     	hide:[]
	+ pamwhitemushroomCrop:                     	hide:[]
	+ pamwintersquashCrop:                      	hide:[]
	+ pamzucchiniCrop:                          	hide:[]
	+ pot:                                      	hide:[]
	+ presser:                                  	hide:[]
	+ queenbeeItem:                             	hide:[]
	+ quernon:                                  	hide:[]
	+ royaljellyItem:                           	hide:[]
	+ sink:                                     	hide:[]
	+ veggiebaitItem:                           	hide:[]
	+ waxcombItem:                              	hide:[]
	+ waxItem:                                  	hide:[]
	+ zombiejerkyItem:                          	hide:[]
- IguanaTweaksTConstruct :
	+ clayBucketsTinkers:                       	hide:[29]
- imc :
	+ block_adamantium_block:                   	hide:[]
	+ block_adamantium_ore:                     	hide:[]
	+ item_adamantium_axe:                      	hide:[]
	+ item_adamantium_boots:                    	hide:[]
	+ item_adamantium_chestplate:               	hide:[]
	+ item_adamantium_helmet:                   	hide:[]
	+ item_adamantium_hoe:                      	hide:[]
	+ item_adamantium_ingot:                    	hide:[]
	+ item_adamantium_leggings:                 	hide:[]
	+ item_adamantium_pickaxe:                  	hide:[]
	+ item_adamantium_shovel:                   	hide:[]
	+ item_adamantium_sword:                    	hide:[]
	+ item_chainmail_link:                      	hide:[]
	+ item_cooked_horse:                        	hide:[]
	+ item_cooked_mutton:                       	hide:[]
	+ item_cooked_squid:                        	hide:[]
	+ item_flint_hatchet:                       	hide:[]
	+ item_flint_pick:                          	hide:[]
	+ item_flint_spade:                         	hide:[]
	+ item_hunting_knife:                       	hide:[]
	+ item_machete_adamantium:                  	hide:[]
	+ item_machete_diamond:                     	hide:[]
	+ item_machete_gold:                        	hide:[]
	+ item_machete_iron:                        	hide:[]
	+ item_machete_nether_brick:                	hide:[]
	+ item_machete_stone:                       	hide:[]
	+ item_machete_wood:                        	hide:[]
	+ item_nether_brick_axe:                    	hide:[]
	+ item_nether_brick_hoe:                    	hide:[]
	+ item_nether_brick_pickaxe:                	hide:[]
	+ item_nether_brick_shovel:                 	hide:[]
	+ item_nether_brick_sword:                  	hide:[]
	+ item_obsidian_sword:                      	hide:[]
	+ item_present:                             	hide:[]
	+ item_raw_horse:                           	hide:[]
	+ item_raw_mutton:                          	hide:[]
	+ item_raw_squid:                           	hide:[]
	+ item_time_scepter:                        	hide:[]
	+ item_wooden_bucket:                       	hide:[]
	+ item_wooden_bucket_milk:                  	hide:[]
	+ item_wooden_bucket_water:                 	hide:[]
- ironbackpacks :
	+ depthUpgrade:                             	hide:[]
	+ jeweledFeather:                           	hide:[]
	+ nest:                                     	hide:[]
	+ nestingAdvancedUpgrade:                   	hide:[]
	+ nestingUpgrade:                           	hide:[]
	+ treatedLeather:                           	hide:[]
- IronChest :
	+ copperIronUpgrade:                        	hide:[]
	+ copperSilverUpgrade:                      	hide:[]
	+ diamondCrystalUpgrade:                    	hide:[]
	+ diamondObsidianUpgrade:                   	hide:[]
	+ goldDiamondUpgrade:                       	hide:[]
	+ ironGoldUpgrade:                          	hide:[]
	+ silverGoldUpgrade:                        	hide:[]
	+ woodCopperUpgrade:                        	hide:[]
	+ woodIronUpgrade:                          	hide:[]
- ironfurnaces :
	+ crystal_furnace_active:                   	hide:[]
	+ diamond_furnace_active:                   	hide:[]
	+ gold_furnace_active:                      	hide:[]
	+ iron_furnace_active:                      	hide:[]
	+ obsidian_furnace_active:                  	hide:[]
- irontank :
	+ copperIronUpgrade:                        	hide:[]
	+ copperSilverUpgrade:                      	hide:[]
	+ diamondObsidianUpgrade:                   	hide:[]
	+ glassCopperUpgrade:                       	hide:[]
	+ glassIronUpgrade:                         	hide:[]
	+ goldDiamondUpgrade:                       	hide:[]
	+ ironGoldUpgrade:                          	hide:[]
	+ silverDiamondUpgrade:                     	hide:[]
	+ silverGoldUpgrade:                        	hide:[]
- libVulpes :
	+ libVulpesmetal0:                          	hide:[1, 2, 4, 5, 6, 9]
	+ libVulpesore0:                            	hide:[1, 2, 4, 5, 6, 9]
	+ libVulpesproductdust:                     	hide:[1, 2, 4, 5, 6, 9]
	+ libVulpesproductingot:                    	hide:[1, 2, 4, 5, 6, 9]
	+ libVulpesproductnugget:                   	hide:[1, 2, 4, 5, 6, 9]
	+ tile.coalGenerator:                       	hide:[]
- LogisticsPipes :
	+ item.brokenItem:                          	hide:[]
	+ item.itemModule:                          	hide:[15, 301]
	+ item.itemUpgrade:                         	hide:[]
	+ item.logisticsFluidContainer:             	hide:[]
	+ item.pipeComponents:                      	hide:[]
	+ item.PipeItemsBasicTransport:             	hide:[]
	+ logisticsPipeBlock:                       	hide:[]
- MagicBees :
	+ magnet:                                   	hide:[]
- Mantle :
	+ mantleBook:                               	hide:[]
- minecraft :
	+ lit_furnace:                              	hide:[]
	+ written_book:                             	hide:[]
- MineFactoryReloaded :
	+ biofuel.still:                            	hide:[]
	+ bucket.biofuel:                           	hide:[]
	+ cable.plastic:                            	hide:[]
	+ cable.redstone:                           	hide:[]
	+ ceramicdye:                               	hide:[]
	+ machine.1:                                	hide:[6, 8, 10, 11]
	+ machine.2:                                	hide:[9, 10]
	+ machineblock:                             	hide:[]
	+ plastic.bag:                              	hide:[]
	+ rail.cargo.dropoff:                       	hide:[]
	+ rail.cargo.pickup:                        	hide:[]
	+ rail.passenger.dropoff:                   	hide:[]
	+ rail.passenger.pickup:                    	hide:[]
	+ rednet.logic:                             	hide:[]
	+ rednet.memorycard:                        	hide:[]
	+ rednet.meter:                             	hide:[]
	+ rednet.panel:                             	hide:[]
	+ rocket:                                   	hide:[]
	+ rocketlauncher:                           	hide:[]
	+ rubberwood.log:                           	keep-one:[]
	+ steam.still:                              	hide:[]
	+ tank:                                     	hide:[]
	+ upgrade.logic:                            	hide:[]
- NetherOres :
	+ netherOresBlockHellfish:                  	hide:[]
	+ tile.netherores.ore.0:                    	hide:[12, 13, 14, 15]
	+ tile.netherores.ore.1:                    	hide:[2, 4, 7, 8, 9, 10, 11, 12, 14, 15]
- OpenBlocks :
	+ crayonGlasses:                            	keep-one:[]
	+ elevator:                                 	keep:[0]
	+ elevator_rotating:                        	keep:[0]
	+ imaginary:                                	keep-one:[0, 1]
	+ paintBrush:                               	keep-one:[]
	+ paintcan:                                 	keep-one:[]
	+ tank:                                     	keep-one:[]
	+ wrench:                                   	hide:[]
- OpenComputers :
	+ wrench:                                   	hide:[]
- ProjRed|Compatibility :
	+ projectred.compatibility.liqredstone:     	hide:[]
- ProjRed|Core :
	+ projectred.core.part:                     	hide:[11, 12, 13, 14, 15, 16, 17, 18, 35, 36, 37, 38, 39, 40, 41, 42, 43, 44, 45, 46, 47, 48, 49, 50, 51, 52, 53, 54, 55, 56, 57, 58, 59]
- ProjRed|Illumination :
	+ projectred.illumination.airousLight:      	hide:[]
- Railcraft :
	+ cart.anchor.personal:                     	hide:[]
	+ cube:                                     	hide:[2, 9, 10, 11]
	+ dust:                                     	hide:[]
	+ firestone.recharge:                       	hide:[]
	+ fluid.creosote.cell:                      	hide:[]
	+ ingot:                                    	hide:[]
	+ machine.alpha:                            	hide:[2, 13]
	+ machine.epsilon:                          	hide:[0]
	+ nugget:                                   	hide:[]
	+ part.gear:                                	hide:[]
	+ part.plate:                               	hide:[]
	+ residual.heat:                            	hide:[]
	+ worldlogic:                               	hide:[]
- railcraft_cos :
	+ item.cart.modelled.panzer:                	hide:[]
	+ item.wheels:                              	hide:[]
- RedstoneArsenal :
	+ material:                                 	hide:[192]
- rftools :
	+ invisibleShieldBlock:                     	hide:[]
	+ noTickInvisibleShieldBlock:               	hide:[]
	+ noTickolidShieldBlock:                    	hide:[]
	+ proxyBlock:                               	hide:[]
	+ solidShieldBlock:                         	hide:[]
- simplyjetpacks :
	+ jetpackFueller:                           	hide:[]
- SSTOW :
	+ sstow_forge:                              	hide:[]
	+ sstow_materials:                          	hide:[3, 4]
- StevesCarts :
	+ BlockJunction:                            	hide:[]
	+ ModularCart:                              	hide:[]
	+ ModuleComponents:                         	hide:[11, 12]
- TConstruct :
	+ ArrowAmmo:                                	hide:[]/[*Netherrack*, *Paper*, *Stone*, *Wooden*]
	+ arrowhead:                                	hide:[0, 1, 7, 9]
	+ battleaxe:                                	hide:[]/[*Netherrack*, *Paper*, *Stone*, *Wooden*]
	+ battlesign:                               	hide:[]/[*Netherrack*, *Paper*, *Stone*, *Wooden*]
	+ BattleSignBlock:                          	hide:[]
	+ binding:                                  	hide:[0, 1, 7, 9]
	+ BoltPart:                                 	hide:[0, 1, 7, 9]
	+ Boneana:                                  	hide:[]
	+ BowLimbPart:                              	hide:[0, 1, 7, 9]
	+ broadAxeHead:                             	hide:[0, 1, 7, 9]
	+ broadsword:                               	hide:[]/[*Netherrack*, *Paper*, *Stone*, *Wooden*]
	+ buckets:                                  	hide:[29]
	+ chisel:                                   	hide:[]/[*Netherrack*, *Paper*, *Stone*, *Wooden*]
	+ chiselHead:                               	hide:[0, 1, 7, 9]
	+ cleaver:                                  	hide:[]/[*Netherrack*, *Paper*, *Stone*, *Wooden*]
	+ creativeModifier:                         	keep-one:[]
	+ crossbar:                                 	hide:[0, 1, 7, 9]
	+ Crossbow:                                 	hide:[]/[*Netherrack*, *Paper*, *Stone*, *Wooden*]
	+ CrossbowBodyPart:                         	hide:[0, 1, 7, 9]
	+ CrossbowLimbPart:                         	hide:[0, 1, 7, 9]
	+ cutlass:                                  	hide:[]/[*Netherrack*, *Paper*, *Stone*, *Wooden*]
	+ dagger:                                   	hide:[]/[*Netherrack*, *Paper*, *Stone*, *Wooden*]
	+ excavator:                                	hide:[]/[*Netherrack*, *Paper*, *Stone*, *Wooden*]
	+ excavatorHead:                            	hide:[0, 1, 7, 9]
	+ fluid.molten.mithril:                     	hide:[]
	+ frypan:                                   	hide:[]/[*Netherrack*, *Paper*, *Stone*, *Wooden*]
	+ frypanHead:                               	hide:[0, 1, 7, 9]
	+ fullGuard:                                	hide:[0, 1, 7, 9]
	+ GravelOre:                                	hide:[]
	+ hammer:                                   	hide:[]/[*Netherrack*, *Paper*, *Stone*, *Wooden*]
	+ hammerHead:                               	hide:[0, 1, 7, 9]
	+ handGuard:                                	hide:[0, 1, 7, 9]
	+ hatchet:                                  	hide:[]/[*Netherrack*, *Paper*, *Stone*, *Wooden*]
	+ hatchetHead:                              	hide:[0, 1, 7, 9]
	+ heavyPlate:                               	hide:[0, 1, 7, 9]
	+ HeldItemBlock:                            	hide:[]
	+ Javelin:                                  	hide:[]/[*Netherrack*, *Paper*, *Stone*, *Wooden*]
	+ knifeBlade:                               	hide:[0, 1, 7, 9]
	+ largeSwordBlade:                          	hide:[0, 1, 7, 9]
	+ LongBow:                                  	hide:[]/[*Netherrack*, *Paper*, *Stone*, *Wooden*]
	+ longsword:                                	hide:[]/[*Netherrack*, *Paper*, *Stone*, *Wooden*]
	+ lumberaxe:                                	hide:[]/[*Netherrack*, *Paper*, *Stone*, *Wooden*]
	+ manualBook:                               	hide:[3]
	+ materials:                                	hide:[0, 9, 10, 12, 13, 19, 20, 21, 31]
	+ mattock:                                  	hide:[]/[*Netherrack*, *Paper*, *Stone*, *Wooden*]
	+ MetalBlock:                               	hide:[3, 4, 5]
	+ pickaxe:                                  	hide:[]/[*Netherrack*, *Paper*, *Stone*, *Wooden*]
	+ pickaxeHead:                              	hide:[0, 1, 7, 9]
	+ rail.wood:                                	hide:[]
	+ rapier:                                   	hide:[]/[*Netherrack*, *Paper*, *Stone*, *Wooden*]
	+ scythe:                                   	hide:[]/[*Netherrack*, *Paper*, *Stone*, *Wooden*]
	+ scytheBlade:                              	hide:[0, 1, 7, 9]
	+ SearedBrick:                              	hide:[3, 4]
	+ ShortBow:                                 	hide:[]/[*Netherrack*, *Paper*, *Stone*, *Wooden*]
	+ shovel:                                   	hide:[]/[*Netherrack*, *Paper*, *Stone*, *Wooden*]
	+ shovelHead:                               	hide:[0, 1, 7, 9]
	+ Shuriken:                                 	hide:[]/[*Netherrack*, *Paper*, *Stone*, *Wooden*]
	+ ShurikenPart:                             	hide:[0, 1, 7, 9]
	+ signHead:                                 	hide:[0, 1, 7, 9]
	+ swordBlade:                               	hide:[0, 1, 7, 9]
	+ ThrowingKnife:                            	hide:[]/[*Netherrack*, *Paper*, *Stone*, *Wooden*]
	+ toolRod:                                  	hide:[0, 1, 7, 9]
	+ toolShard:                                	hide:[0, 1, 7, 9]
	+ toughBinding:                             	hide:[0, 1, 7, 9]
	+ toughRod:                                 	hide:[0, 1, 7, 9]
	+ wideGuard:                                	hide:[0, 1, 7, 9]
- Thaumcraft :
	+ blockAlchemyFurnace:                      	hide:[]
	+ blockArcaneFurnace:                       	hide:[]
	+ blockEldritchNothing:                     	hide:[]
	+ blockHole:                                	hide:[]
	+ blockLootCrate:                           	hide:[]
	+ blockLootUrn:                             	hide:[]
	+ blockManaPod:                             	hide:[]
	+ blockPortalEldritch:                      	hide:[]
	+ blockWarded:                              	hide:[]
	+ ItemNugget:                               	hide:[0, 1, 2, 3, 4]
	+ ItemResource:                             	hide:[18]
- thaumicenergistics :
	+ material:                                 	hide:[2]
	+ thaumicenergistics.block.essentia.vibration.chamber:	hide:[]
- ThaumicTinkerer :
	+ darkQuartzSlabFull:                       	hide:[]
	+ fireAir:                                  	hide:[]
	+ fireChaos:                                	hide:[]
	+ fireEarth:                                	hide:[]
	+ fireFire:                                 	hide:[]
	+ fireOrder:                                	hide:[]
	+ fireWater:                                	hide:[]
	+ forcefield:                               	hide:[]
	+ gaseousLight:                             	hide:[]
	+ gaseousShadow:                            	hide:[]
	+ infusedFarmland:                          	hide:[]
	+ infusedGrainBlock:                        	hide:[]
	+ infusedPotion:                            	hide:[]
	+ nitorGas:                                 	hide:[]
	+ travelSlabFull:                           	hide:[]
	+ wardSlab:                                 	hide:[]
	+ wardSlabFull:                             	hide:[]
- ThermalDynamics :
	+ cover:                                    	keep-one:[]/[*hollow:0b*, *hollow:1b*]
- ThermalExpansion :
	+ florb:                                    	hide:[1]
- ThermalFoundation :
	+ lexicon:                                  	hide:[]
	+ material:                                 	hide:[38, 70, 102, 134]
	+ Ore:                                      	hide:[6]
	+ Storage:                                  	hide:[6]
- TwilightForest :
	+ item.ironwoodRaw:                         	hide:[]
	+ tile.TFUncraftingTable:                   	hide:[]
- UniDict :
	+ cratedIngotBronze:                        	hide:[]
	+ cratedIngotCopper:                        	hide:[]
	+ cratedIngotSilver:                        	hide:[]
	+ cratedIngotTin:                           	hide:[]
- WarpTheory :
	+ blockVanish:                              	hide:[]
- wildcaves3 :
	+ Flora:                                    	hide:[]
	+ FossilBlock:                              	hide:[]
- witchery :
	+ coffinblock:                              	hide:[]
	+ garlic:                                   	hide:[]
	+ icedoubleslab:                            	hide:[]
	+ ingredient:                               	hide:[46, 47, 49, 81, 107, 127]
	+ snowdoubleslab:                           	hide:[]
	+ witchwooddoubleslab:                      	hide:[]
- zettaindustries :
	+ SmartCardTerminalExtension:               	hide:[]
	+ zettaindustries.fakeitem:                 	hide:[]